[debug] [2019-11-01T14:56:16.797Z] ----------------------------------------------------------------------
[debug] [2019-11-01T14:56:16.799Z] Command:       /usr/local/bin/node /usr/local/bin/firebase deploy --only functions
[debug] [2019-11-01T14:56:16.799Z] CLI Version:   7.6.0
[debug] [2019-11-01T14:56:16.799Z] Platform:      darwin
[debug] [2019-11-01T14:56:16.799Z] Node Version:  v12.8.0
[debug] [2019-11-01T14:56:16.800Z] Time:          Fri Nov 01 2019 14:56:16 GMT+0000 (Western European Standard Time)
[debug] [2019-11-01T14:56:16.800Z] ----------------------------------------------------------------------
[debug] 
[debug] [2019-11-01T14:56:16.813Z] > command requires scopes: ["email","openid","https://www.googleapis.com/auth/cloudplatformprojects.readonly","https://www.googleapis.com/auth/firebase","https://www.googleapis.com/auth/cloud-platform"]
[debug] [2019-11-01T14:56:16.813Z] > authorizing via signed-in user
[debug] [2019-11-01T14:56:16.813Z] [iam] checking project indiemakerfr for permissions ["cloudfunctions.functions.create","cloudfunctions.functions.delete","cloudfunctions.functions.get","cloudfunctions.functions.list","cloudfunctions.functions.update","cloudfunctions.operations.get","firebase.projects.get"]
[debug] [2019-11-01T14:56:16.815Z] > refreshing access token with scopes: ["email","https://www.googleapis.com/auth/cloud-platform","https://www.googleapis.com/auth/cloudplatformprojects.readonly","https://www.googleapis.com/auth/firebase","openid"]
[debug] [2019-11-01T14:56:16.815Z] >>> HTTP REQUEST POST https://www.googleapis.com/oauth2/v3/token  
 <request body omitted>
[debug] [2019-11-01T14:56:17.121Z] <<< HTTP RESPONSE 200
[debug] [2019-11-01T14:56:17.151Z] >>> HTTP REQUEST POST https://cloudresourcemanager.googleapis.com/v1/projects/indiemakerfr:testIamPermissions  

[debug] [2019-11-01T14:56:18.192Z] <<< HTTP RESPONSE 200
[info] 
[info] === Deploying to 'indiemakerfr'...
[info] 
[info] i  deploying functions
[info] Running command: npm --prefix "$RESOURCE_DIR" run lint
[info] Running command: npm --prefix "$RESOURCE_DIR" run build
[info] ✔  functions: Finished running predeploy script.
[debug] [2019-11-01T14:56:24.874Z] > [functions] package.json contents: {
  "name": "functions",
  "scripts": {
    "lint": "tslint --project tsconfig.json",
    "build": "tsc",
    "serve": "npm run build && firebase serve --only functions",
    "shell": "npm run build && firebase functions:shell",
    "start": "npm run shell",
    "deploy": "firebase deploy --only functions",
    "logs": "firebase functions:log"
  },
  "engines": {
    "node": "8"
  },
  "main": "lib/index.js",
  "dependencies": {
    "firebase-admin": "^8.0.0",
    "firebase-functions": "^3.1.0",
    "twitter": "^1.7.1"
  },
  "devDependencies": {
    "tslint": "^5.12.0",
    "typescript": "^3.2.2"
  },
  "private": true
}
[info] i  functions: ensuring necessary APIs are enabled...
[debug] [2019-11-01T14:56:24.875Z] >>> HTTP REQUEST GET https://serviceusage.googleapis.com/v1/projects/indiemakerfr/services/cloudfunctions.googleapis.com  
 
[debug] [2019-11-01T14:56:24.876Z] >>> HTTP REQUEST GET https://serviceusage.googleapis.com/v1/projects/indiemakerfr/services/runtimeconfig.googleapis.com  
 
[debug] [2019-11-01T14:56:25.978Z] <<< HTTP RESPONSE 200
[debug] [2019-11-01T14:56:26.074Z] <<< HTTP RESPONSE 200
[info] ✔  functions: all necessary APIs are enabled
[debug] [2019-11-01T14:56:26.076Z] >>> HTTP REQUEST GET https://firebase.googleapis.com/v1beta1/projects/indiemakerfr/adminSdkConfig  
 
[debug] [2019-11-01T14:56:26.483Z] <<< HTTP RESPONSE 200
[info] i  functions: preparing functions directory for uploading...
[debug] [2019-11-01T14:56:26.485Z] >>> HTTP REQUEST GET https://runtimeconfig.googleapis.com/v1beta1/projects/indiemakerfr/configs  
 
[debug] [2019-11-01T14:56:26.906Z] <<< HTTP RESPONSE 200
[info] i  functions: packaged functions (53.18 KB) for uploading
[debug] [2019-11-01T14:56:27.264Z] >>> HTTP REQUEST POST https://cloudfunctions.googleapis.com/v1/projects/indiemakerfr/locations/us-central1/functions:generateUploadUrl  
 
[debug] [2019-11-01T14:56:28.140Z] <<< HTTP RESPONSE 200
[debug] [2019-11-01T14:56:28.141Z] >>> HTTP REQUEST PUT https://storage.googleapis.com/gcf-upload-us-central1-7a7fd560-1c8e-4458-93c9-6b282a5bafa9/41a124fb-166f-4f99-9f50-7848bd0f4edd.zip?GoogleAccessId=service-600956995728@gcf-admin-robot.iam.gserviceaccount.com&Expires=1572621987&Signature=Md8WeD%2BHpp3V8vvftioxRBY4h7qbV2AW%2FKXHrmwbqqf7DYjWS3Uh7BMdCO0lqEupBUO%2Bp2pNPgOZ3fSeh8vz0e3%2FQkPh5yIFr6X2ktgfYy4u%2FQnRkbvK0EJCGT8PA8NuJTyy7LWUFiXdGl9qfAAa%2F5ASNPpbrkcWBANFNzFYdMCKnWxlAwcrleK9KiCSyZCZlm8xmuIcgAJPXFUPzTuAUYCi4z8nwchp1BJHu96WJcKflmP9Qxr%2FE9R%2BOXFN0Ay8lNIVGXliu3ZfacNWipqIeRmbuI3b7hE8NB4CJwdF8PvizJpK%2Bs5oPR11vnCzlRrHwT3PweF5VUWUk9zMkaeyJg%3D%3D  
 <request body omitted>
[debug] [2019-11-01T14:56:28.789Z] <<< HTTP RESPONSE 200
[info] ✔  functions: functions folder uploaded successfully
[debug] [2019-11-01T14:56:28.792Z] >>> HTTP REQUEST GET https://cloudfunctions.googleapis.com/v1/projects/indiemakerfr/locations/-/functions  
 
[debug] [2019-11-01T14:56:29.455Z] <<< HTTP RESPONSE 200
[info] i  functions: updating Node.js 8 function addTwiterUser(us-central1)...
[debug] [2019-11-01T14:56:29.457Z] Trigger is:  {"httpsTrigger":{}}
[info] i  functions: updating Node.js 8 function calcVotesByPerson(us-central1)...
[debug] [2019-11-01T14:56:29.457Z] Trigger is:  {"eventTrigger":{"resource":"projects/indiemakerfr/databases/(default)/documents/people/{personId}/votes/{voteId}","eventType":"providers/cloud.firestore/eventTypes/document.create","service":"firestore.googleapis.com"}}
[debug] [2019-11-01T14:56:29.458Z] >>> HTTP REQUEST GET https://serviceusage.googleapis.com/v1/projects/indiemakerfr/services/cloudscheduler.googleapis.com  
 
